<?xml version="1.0" encoding="UTF-8"?>
<!-- Generated by org.testng.reporters.JUnitReportReporter -->
<testsuite hostname="LAPTOP-S9JVNPGK" failures="0" tests="1" name="com.framework.testcase.loginpageTest" time="14.774" errors="0" timestamp="2022-12-23T19:30:44 IST" skipped="0">
  <testcase classname="com.framework.testcase.loginpageTest" name="validatetitleTest" time="14.774"/>
  <system-out/>
</testsuite> <!-- com.framework.testcase.loginpageTest -->
