<?xml version="1.0" encoding="UTF-8"?>
<!-- Generated by org.testng.reporters.JUnitReportReporter -->
<testsuite hostname="LAPTOP-S9JVNPGK" failures="0" tests="1" name="com.framework.testcase.loginpageTest" time="10.425" errors="0" timestamp="2022-12-25T16:10:53 IST" skipped="0">
  <testcase classname="com.framework.testcase.loginpageTest" name="validatetitleTest" time="10.425"/>
  <system-out/>
</testsuite> <!-- com.framework.testcase.loginpageTest -->
